<?xml version="1.0" encoding="UTF-8"?>
<!-- Generated by org.testng.reporters.JUnitReportReporter -->
<testsuite hostname="DESKTOP-7B4FRLF" failures="0" tests="3" name="tests.android.TodoitsMobileTest" time="44.447" errors="0" timestamp="2024-02-29T20:52:07 MYT" skipped="0">
  <testcase classname="tests.android.TodoitsMobileTest" name="createTestProject" time="14.236"/>
  <system-out/>
  <testcase classname="tests.android.TodoitsMobileTest" name="createTask" time="14.003"/>
  <system-out/>
  <testcase classname="tests.android.TodoitsMobileTest" name="ReopenTask" time="16.208"/>
  <system-out/>
</testsuite> <!-- tests.android.TodoitsMobileTest -->
