<?xml version="1.0" encoding="UTF-8"?>
<!-- Generated by org.testng.reporters.JUnitReportReporter -->
<testsuite hostname="DESKTOP-7B4FRLF" failures="0" tests="2" name="tests.android.RestAssuredTest" time="2.277" errors="0" timestamp="2024-02-25T18:25:09 MYT" skipped="0">
  <testcase classname="tests.android.RestAssuredTest" name="test_2" time="0.669"/>
  <system-out/>
  <testcase classname="tests.android.RestAssuredTest" name="test_1" time="1.608"/>
  <system-out/>
</testsuite> <!-- tests.android.RestAssuredTest -->
