<?xml version="1.0" encoding="UTF-8"?>
<!-- Generated by org.testng.reporters.JUnitReportReporter -->
<testsuite hostname="DESKTOP-7B4FRLF" failures="0" tests="1" name="tests.android.TodoitsMobileTest" time="2.382" errors="0" timestamp="2024-02-26T20:05:12 MYT" skipped="0">
  <testcase classname="tests.android.TodoitsMobileTest" name="createTask" time="2.382"/>
  <system-out/>
</testsuite> <!-- tests.android.TodoitsMobileTest -->
