<?xml version="1.0" encoding="UTF-8"?>
<!-- Generated by org.testng.reporters.JUnitReportReporter -->
<testsuite hostname="DESKTOP-7B4FRLF" failures="0" tests="1" name="tests.android.Todoits" time="2.664" errors="0" timestamp="2024-02-25T23:22:39 MYT" skipped="0">
  <testcase classname="tests.android.Todoits" name="CreateTask" time="2.664"/>
  <system-out/>
</testsuite> <!-- tests.android.Todoits -->
