<?xml version="1.0" encoding="UTF-8"?>
<!-- Generated by org.testng.reporters.JUnitReportReporter -->
<testsuite hostname="DESKTOP-7B4FRLF" failures="0" tests="1" name="tests.android.TodoitsMobileTest" time="16.277" errors="0" timestamp="2024-02-26T23:53:46 MYT" skipped="0">
  <testcase classname="tests.android.TodoitsMobileTest" name="createTestProject" time="16.277"/>
  <system-out/>
</testsuite> <!-- tests.android.TodoitsMobileTest -->
