<?xml version="1.0" encoding="UTF-8"?>
<!-- Generated by org.testng.reporters.JUnitReportReporter -->
<testsuite hostname="DESKTOP-7B4FRLF" failures="0" tests="5" name="tests.android.LoginTest" time="18.811" errors="0" timestamp="2024-02-26T21:46:16 MYT" skipped="0">
  <testcase classname="tests.android.LoginTest" name="invalidLogin_emptyUserNameTest" time="5.708"/>
  <system-out/>
  <testcase classname="tests.android.LoginTest" name="invalidLogin_emptyPasswordTest" time="4.003"/>
  <system-out/>
  <testcase classname="tests.android.LoginTest" name="invalidLogin_Test" time="3.369"/>
  <system-out/>
  <testcase classname="tests.android.LoginTest" name="invalidLogin_Test" time="2.866"/>
  <system-out/>
  <testcase classname="tests.android.LoginTest" name="validLoginTest" time="2.865"/>
  <system-out/>
</testsuite> <!-- tests.android.LoginTest -->
