<?xml version="1.0" encoding="UTF-8"?>
<!-- Generated by org.testng.reporters.JUnitReportReporter -->
<testsuite hostname="DESKTOP-7B4FRLF" failures="0" tests="1" name="restAPI.Todoits" time="2.671" errors="0" timestamp="2024-02-26T20:04:34 MYT" skipped="0">
  <testcase classname="restAPI.Todoits" name="ReopenTask" time="2.671"/>
  <system-out/>
</testsuite> <!-- restAPI.Todoits -->
