<?xml version="1.0" encoding="UTF-8"?>
<!-- Generated by org.testng.reporters.JUnitReportReporter -->
<testsuite hostname="DESKTOP-7B4FRLF" failures="0" tests="3" name="tests.android.TodoitsMobileTest" time="47.087" errors="0" timestamp="2024-02-29T19:53:36 MYT" skipped="0">
  <testcase classname="tests.android.TodoitsMobileTest" name="createTestProject" time="19.909"/>
  <system-out/>
  <testcase classname="tests.android.TodoitsMobileTest" name="createTask" time="12.624"/>
  <system-out/>
  <testcase classname="tests.android.TodoitsMobileTest" name="ReopenTask" time="14.554"/>
  <system-out/>
</testsuite> <!-- tests.android.TodoitsMobileTest -->
