<?xml version="1.0" encoding="UTF-8"?>
<!-- Generated by org.testng.reporters.JUnitReportReporter -->
<testsuite hostname="DESKTOP-7B4FRLF" failures="0" tests="2" name="tests.android.TodoitsMobileTest" time="29.468" errors="0" timestamp="2024-02-27T22:22:24 MYT" skipped="0">
  <testcase classname="tests.android.TodoitsMobileTest" name="createTestProject" time="16.341"/>
  <system-out/>
  <testcase classname="tests.android.TodoitsMobileTest" name="createTask" time="13.127"/>
  <system-out/>
</testsuite> <!-- tests.android.TodoitsMobileTest -->
