<?xml version="1.0" encoding="UTF-8"?>
<!-- Generated by org.testng.reporters.JUnitReportReporter -->
<testsuite hostname="DESKTOP-7B4FRLF" failures="0" tests="2" name="restAPI.Todoits" time="3.158" errors="0" timestamp="2024-02-25T23:51:41 MYT" skipped="0">
  <testcase classname="restAPI.Todoits" name="GetAllActiveTask" time="1.195"/>
  <system-out/>
  <testcase classname="restAPI.Todoits" name="AddProject" time="1.963"/>
  <system-out/>
</testsuite> <!-- restAPI.Todoits -->
