<?xml version="1.0" encoding="UTF-8"?>
<!-- Generated by org.testng.reporters.JUnitReportReporter -->
<testsuite hostname="DESKTOP-7B4FRLF" failures="0" tests="1" name="tests.android.GetAndPostExamples" time="3.023" errors="0" timestamp="2024-02-25T21:23:46 MYT" skipped="0">
  <testcase classname="tests.android.GetAndPostExamples" name="AddProject" time="3.023"/>
  <system-out/>
</testsuite> <!-- tests.android.GetAndPostExamples -->
