<?xml version="1.0" encoding="UTF-8"?>
<!-- Generated by org.testng.reporters.JUnitReportReporter -->
<testsuite hostname="DESKTOP-7B4FRLF" failures="0" tests="1" name="tests.android.ProductsTest" time="14.376" errors="0" timestamp="2024-02-25T16:34:41 MYT" skipped="0">
  <testcase classname="tests.android.ProductsTest" name="ProductsValidateTest" time="14.376"/>
  <system-out/>
</testsuite> <!-- tests.android.ProductsTest -->
