<?xml version="1.0" encoding="UTF-8"?>
<!-- Generated by org.testng.reporters.JUnitReportReporter -->
<testsuite hostname="DESKTOP-7B4FRLF" failures="0" tests="5" name="tests.android.LoginTest" time="17.392" errors="0" timestamp="2024-02-25T15:10:53 MYT" skipped="0">
  <testcase classname="tests.android.LoginTest" name="invalidLogin_emptyUserNameTest" time="5.149"/>
  <system-out/>
  <testcase classname="tests.android.LoginTest" name="invalidLogin_emptyPasswordTest" time="3.268"/>
  <system-out/>
  <testcase classname="tests.android.LoginTest" name="invalidLogin_Test" time="3.345"/>
  <system-out/>
  <testcase classname="tests.android.LoginTest" name="invalidLogin_Test" time="2.857"/>
  <system-out/>
  <testcase classname="tests.android.LoginTest" name="validLoginTest" time="2.773"/>
  <system-out/>
</testsuite> <!-- tests.android.LoginTest -->
