<?xml version="1.0" encoding="UTF-8"?>
<!-- Generated by org.testng.reporters.JUnitReportReporter -->
<testsuite hostname="DESKTOP-7B4FRLF" failures="0" tests="1" name="tests.android.ProductsTest" time="13.953" errors="0" timestamp="2024-02-25T18:23:35 MYT" skipped="0">
  <testcase classname="tests.android.ProductsTest" name="ProductsValidateTest" time="13.953"/>
</testsuite> <!-- tests.android.ProductsTest -->
