<?xml version="1.0" encoding="UTF-8"?>
<!-- Generated by org.testng.reporters.JUnitReportReporter -->
<testsuite hostname="DESKTOP-7B4FRLF" failures="0" tests="2" name="tests.android.RestAssuredTest" time="1.685" errors="0" timestamp="2024-02-25T18:23:35 MYT" skipped="0">
  <testcase classname="tests.android.RestAssuredTest" name="test_2" time="0.539"/>
  <testcase classname="tests.android.RestAssuredTest" name="test_1" time="1.146"/>
</testsuite> <!-- tests.android.RestAssuredTest -->
