<?xml version="1.0" encoding="UTF-8"?>
<!-- Generated by org.testng.reporters.JUnitReportReporter -->
<testsuite hostname="DESKTOP-7B4FRLF" failures="0" tests="1" name="tests.android.LoginTest" time="0.004" errors="0" timestamp="2024-02-24T22:06:43 MYT" skipped="0">
  <testcase classname="tests.android.LoginTest" name="launchAPPtest" time="0.004"/>
</testsuite> <!-- tests.android.LoginTest -->
