<?xml version="1.0" encoding="UTF-8"?>
<!-- Generated by org.testng.reporters.JUnitReportReporter -->
<testsuite hostname="DESKTOP-7B4FRLF" failures="0" tests="5" name="tests.android.LoginTest" time="18.788" errors="0" timestamp="2024-02-25T18:23:35 MYT" skipped="0">
  <testcase classname="tests.android.LoginTest" name="invalidLogin_emptyUserNameTest" time="5.446"/>
  <testcase classname="tests.android.LoginTest" name="invalidLogin_emptyPasswordTest" time="3.251"/>
  <testcase classname="tests.android.LoginTest" name="invalidLogin_Test" time="3.589"/>
  <testcase classname="tests.android.LoginTest" name="invalidLogin_Test" time="3.690"/>
  <testcase classname="tests.android.LoginTest" name="validLoginTest" time="2.812"/>
</testsuite> <!-- tests.android.LoginTest -->
